C:\DEV\MOJO\MOJO.2.0\MOJO\MOJO.NATIVE\BIN\WIN32\DEBUG\MOJO.NATIVE.LIB
C:\DEV\MOJO\MOJO.2.0\MOJO\MOJO.NATIVE\OBJ\WIN32\DEBUG\FILESYSTEMTILECACHEENTRY.OBJ
C:\DEV\MOJO\MOJO.2.0\MOJO\MOJO.NATIVE\OBJ\WIN32\DEBUG\FILESYSTEMTILESERVER.OBJ
C:\DEV\MOJO\MOJO.2.0\MOJO\MOJO.NATIVE\OBJ\WIN32\DEBUG\FILESYSTEMUNDOREDOITEM.OBJ
C:\DEV\MOJO\MOJO.2.0\MOJO\MOJO.NATIVE\OBJ\WIN32\DEBUG\SEGMENTER.OBJ
C:\DEV\MOJO\MOJO.2.0\MOJO\MOJO.NATIVE\OBJ\WIN32\DEBUG\SIMPLESPLITTOOLS.OBJ
C:\DEV\MOJO\MOJO.2.0\MOJO\MOJO.NATIVE\OBJ\WIN32\DEBUG\TILECACHEENTRY.OBJ
C:\DEV\MOJO\MOJO.2.0\MOJO\MOJO.NATIVE\OBJ\WIN32\DEBUG\TILEDDATASETVIEW.OBJ
C:\DEV\MOJO\MOJO.2.0\MOJO\MOJO.NATIVE\OBJ\WIN32\DEBUG\TILEDVOLUMEDESCRIPTION.OBJ
C:\DEV\MOJO\MOJO.2.0\MOJO\MOJO.NATIVE\OBJ\WIN32\DEBUG\TILEMANAGER.OBJ
C:\DEV\MOJO\MOJO.2.0\MOJO\MOJO.NATIVE\OBJ\WIN32\DEBUG\VC100.PDB
C:\dev\MojoGit\Mojo.2.0\Mojo\Mojo.Native\bin\Win32\Debug\Mojo.Native.lib
C:\dev\MojoGit\Mojo.2.0\Mojo\Mojo.Native\obj\Win32\Debug\cl.command.1.tlog
C:\dev\MojoGit\Mojo.2.0\Mojo\Mojo.Native\obj\Win32\Debug\CL.read.1.tlog
C:\dev\MojoGit\Mojo.2.0\Mojo\Mojo.Native\obj\Win32\Debug\CL.write.1.tlog
C:\dev\MojoGit\Mojo.2.0\Mojo\Mojo.Native\obj\Win32\Debug\FileSystemTileCacheEntry.obj
C:\dev\MojoGit\Mojo.2.0\Mojo\Mojo.Native\obj\Win32\Debug\FileSystemTileServer.obj
C:\dev\MojoGit\Mojo.2.0\Mojo\Mojo.Native\obj\Win32\Debug\FileSystemUndoRedoItem.obj
C:\dev\MojoGit\Mojo.2.0\Mojo\Mojo.Native\obj\Win32\Debug\lib.command.1.tlog
C:\dev\MojoGit\Mojo.2.0\Mojo\Mojo.Native\obj\Win32\Debug\Lib-link.read.1.tlog
C:\dev\MojoGit\Mojo.2.0\Mojo\Mojo.Native\obj\Win32\Debug\Lib-link.write.1.tlog
C:\dev\MojoGit\Mojo.2.0\Mojo\Mojo.Native\obj\Win32\Debug\Mojo.Native.write.1.tlog
C:\dev\MojoGit\Mojo.2.0\Mojo\Mojo.Native\obj\Win32\Debug\Segmenter.obj
C:\dev\MojoGit\Mojo.2.0\Mojo\Mojo.Native\obj\Win32\Debug\SimpleSplitTools.obj
C:\dev\MojoGit\Mojo.2.0\Mojo\Mojo.Native\obj\Win32\Debug\TileCacheEntry.obj
C:\dev\MojoGit\Mojo.2.0\Mojo\Mojo.Native\obj\Win32\Debug\TiledDatasetView.obj
C:\dev\MojoGit\Mojo.2.0\Mojo\Mojo.Native\obj\Win32\Debug\TiledVolumeDescription.obj
C:\dev\MojoGit\Mojo.2.0\Mojo\Mojo.Native\obj\Win32\Debug\TileManager.obj
C:\dev\MojoGit\Mojo.2.0\Mojo\Mojo.Native\obj\Win32\Debug\vc100.pdb
