C:\DEV\MOJO\MOJO.2.0\MOJO\MOJO.CORE\BIN\WIN32\DEBUG\MOJO.CORE.LIB
C:\DEV\MOJO\MOJO.2.0\MOJO\MOJO.CORE\OBJ\WIN32\DEBUG\CUDA.OBJ
C:\DEV\MOJO\MOJO.2.0\MOJO\MOJO.CORE\OBJ\WIN32\DEBUG\D3D11CUDATEXTUREMAP.OBJ
C:\DEV\MOJO\MOJO.2.0\MOJO\MOJO.CORE\OBJ\WIN32\DEBUG\DEVICEVECTORMAP.OBJ
C:\DEV\MOJO\MOJO.2.0\MOJO\MOJO.CORE\OBJ\WIN32\DEBUG\HOSTVECTORMAP.OBJ
C:\DEV\MOJO\MOJO.2.0\MOJO\MOJO.CORE\OBJ\WIN32\DEBUG\INDEX.OBJ
C:\DEV\MOJO\MOJO.2.0\MOJO\MOJO.CORE\OBJ\WIN32\DEBUG\PRIMITIVEMAP.OBJ
C:\DEV\MOJO\MOJO.2.0\MOJO\MOJO.CORE\OBJ\WIN32\DEBUG\PRINTF.OBJ
C:\DEV\MOJO\MOJO.2.0\MOJO\MOJO.CORE\OBJ\WIN32\DEBUG\SEGMENTERSTATE.OBJ
C:\DEV\MOJO\MOJO.2.0\MOJO\MOJO.CORE\OBJ\WIN32\DEBUG\THRUST.OBJ
C:\DEV\MOJO\MOJO.2.0\MOJO\MOJO.CORE\OBJ\WIN32\DEBUG\TOSTRING.OBJ
C:\DEV\MOJO\MOJO.2.0\MOJO\MOJO.CORE\OBJ\WIN32\DEBUG\VC100.PDB
C:\DEV\MOJO\MOJO.2.0\MOJO\MOJO.CORE\OBJ\WIN32\DEBUG\VOLUMEDESCRIPTION.OBJ
C:\dev\MojoGit\Mojo.2.0\Mojo\Mojo.Core\bin\Win32\Debug\Mojo.Core.lib
C:\dev\MojoGit\Mojo.2.0\Mojo\Mojo.Core\obj\Win32\Debug\cl.command.1.tlog
C:\dev\MojoGit\Mojo.2.0\Mojo\Mojo.Core\obj\Win32\Debug\CL.read.1.tlog
C:\dev\MojoGit\Mojo.2.0\Mojo\Mojo.Core\obj\Win32\Debug\CL.write.1.tlog
C:\dev\MojoGit\Mojo.2.0\Mojo\Mojo.Core\obj\Win32\Debug\Cuda.obj
C:\dev\MojoGit\Mojo.2.0\Mojo\Mojo.Core\obj\Win32\Debug\D3D11CudaTextureMap.obj
C:\dev\MojoGit\Mojo.2.0\Mojo\Mojo.Core\obj\Win32\Debug\DeviceVectorMap.obj
C:\dev\MojoGit\Mojo.2.0\Mojo\Mojo.Core\obj\Win32\Debug\HostVectorMap.obj
C:\dev\MojoGit\Mojo.2.0\Mojo\Mojo.Core\obj\Win32\Debug\Index.obj
C:\dev\MojoGit\Mojo.2.0\Mojo\Mojo.Core\obj\Win32\Debug\lib.command.1.tlog
C:\dev\MojoGit\Mojo.2.0\Mojo\Mojo.Core\obj\Win32\Debug\Lib-link.read.1.tlog
C:\dev\MojoGit\Mojo.2.0\Mojo\Mojo.Core\obj\Win32\Debug\Lib-link.write.1.tlog
C:\dev\MojoGit\Mojo.2.0\Mojo\Mojo.Core\obj\Win32\Debug\PrimitiveMap.obj
C:\dev\MojoGit\Mojo.2.0\Mojo\Mojo.Core\obj\Win32\Debug\Printf.obj
C:\dev\MojoGit\Mojo.2.0\Mojo\Mojo.Core\obj\Win32\Debug\SegmenterState.obj
C:\dev\MojoGit\Mojo.2.0\Mojo\Mojo.Core\obj\Win32\Debug\Thrust.obj
C:\dev\MojoGit\Mojo.2.0\Mojo\Mojo.Core\obj\Win32\Debug\ToString.obj
C:\dev\MojoGit\Mojo.2.0\Mojo\Mojo.Core\obj\Win32\Debug\vc100.pdb
C:\dev\MojoGit\Mojo.2.0\Mojo\Mojo.Core\obj\Win32\Debug\VolumeDescription.obj
