Build started 1/24/2013 3:16:44 PM.
     1>Project "C:\dev\MojoGit\Mojo.2.0\Mojo\Mojo.Core\Mojo.Core.vcxproj" on node 2 (build target(s)).
     1>InitializeBuildStatus:
         Creating "obj\Win32\Debug\Mojo.Core.unsuccessfulbuild" because "AlwaysCreate" was specified.
       ClCompile:
         C:\Program Files (x86)\Microsoft Visual Studio 10.0\VC\bin\CL.exe /c /I..\Sdk\OpenCV\OpenCV2.4\build\include\ /I"..\Sdk\Thrust\thrust-v1.3.0\\" /I"..\Sdk\Cutil\NVIDIA GPU Computing SDK 4.2\C\common\inc\\" /I..\Sdk\Cuda\v4.2\include\ /I..\Sdk\Boost\boost_1_44\ /I"..\Sdk\DirectX\Microsoft DirectX SDK (June 2010)\Include\\" /I..\Sdk\Cuda\v4.2\include /Zi /nologo /W3 /WX- /Od /Oy- /D WIN32 /D _DEBUG /D _LIB /Gm- /EHa /MDd /GS /fp:precise /Zc:wchar_t /Zc:forScope /Fo"obj\Win32\Debug\\" /Fd"obj\Win32\Debug\vc100.pdb" /Gd /TP /analyze- /errorReport:prompt SegmenterState.cpp
         SegmenterState.cpp
       Lib:
         C:\Program Files (x86)\Microsoft Visual Studio 10.0\VC\bin\Lib.exe /OUT:"C:\dev\MojoGit\Mojo.2.0\Mojo\Mojo.Core\bin\Win32\Debug\Mojo.Core.lib" /NOLOGO /VERBOSE obj\Win32\Debug\HostVectorMap.obj
         obj\Win32\Debug\Cuda.obj
         obj\Win32\Debug\D3D11CudaTextureMap.obj
         obj\Win32\Debug\DeviceVectorMap.obj
         obj\Win32\Debug\Index.obj
         obj\Win32\Debug\PrimitiveMap.obj
         obj\Win32\Debug\Printf.obj
         obj\Win32\Debug\SegmenterState.obj
         obj\Win32\Debug\Thrust.obj
         obj\Win32\Debug\ToString.obj
         obj\Win32\Debug\VolumeDescription.obj
         Appending obj\Win32\Debug\VolumeDescription.obj
         Appending obj\Win32\Debug\ToString.obj
         Appending obj\Win32\Debug\Thrust.obj
         Appending obj\Win32\Debug\SegmenterState.obj
         Appending obj\Win32\Debug\Printf.obj
         Appending obj\Win32\Debug\PrimitiveMap.obj
         Appending obj\Win32\Debug\Index.obj
         Appending obj\Win32\Debug\DeviceVectorMap.obj
         Appending obj\Win32\Debug\D3D11CudaTextureMap.obj
         Appending obj\Win32\Debug\Cuda.obj
         Appending obj\Win32\Debug\HostVectorMap.obj
         Mojo.Core.vcxproj -> C:\dev\MojoGit\Mojo.2.0\Mojo\Mojo.Core\bin\Win32\Debug\Mojo.Core.lib
       FinalizeBuildStatus:
         Deleting file "obj\Win32\Debug\Mojo.Core.unsuccessfulbuild".
         Touching "obj\Win32\Debug\Mojo.Core.lastbuildstate".
     1>Done Building Project "C:\dev\MojoGit\Mojo.2.0\Mojo\Mojo.Core\Mojo.Core.vcxproj" (build target(s)).

Build succeeded.

Time Elapsed 00:00:05.94
