C:\DEV\MOJO\MOJO.2.0\MOJO\MOJO.NATIVE\BIN\WIN32\RELEASE\MOJO.NATIVE.LIB
C:\DEV\MOJO\MOJO.2.0\MOJO\MOJO.NATIVE\OBJ\WIN32\RELEASE\FILESYSTEMTILECACHEENTRY.OBJ
C:\DEV\MOJO\MOJO.2.0\MOJO\MOJO.NATIVE\OBJ\WIN32\RELEASE\FILESYSTEMTILESERVER.OBJ
C:\DEV\MOJO\MOJO.2.0\MOJO\MOJO.NATIVE\OBJ\WIN32\RELEASE\FILESYSTEMUNDOREDOITEM.OBJ
C:\DEV\MOJO\MOJO.2.0\MOJO\MOJO.NATIVE\OBJ\WIN32\RELEASE\SEGMENTER.OBJ
C:\DEV\MOJO\MOJO.2.0\MOJO\MOJO.NATIVE\OBJ\WIN32\RELEASE\SIMPLESPLITTOOLS.OBJ
C:\DEV\MOJO\MOJO.2.0\MOJO\MOJO.NATIVE\OBJ\WIN32\RELEASE\TILECACHEENTRY.OBJ
C:\DEV\MOJO\MOJO.2.0\MOJO\MOJO.NATIVE\OBJ\WIN32\RELEASE\TILEDDATASETVIEW.OBJ
C:\DEV\MOJO\MOJO.2.0\MOJO\MOJO.NATIVE\OBJ\WIN32\RELEASE\TILEDVOLUMEDESCRIPTION.OBJ
C:\DEV\MOJO\MOJO.2.0\MOJO\MOJO.NATIVE\OBJ\WIN32\RELEASE\TILEMANAGER.OBJ
C:\DEV\MOJO\MOJO.2.0\MOJO\MOJO.NATIVE\OBJ\WIN32\RELEASE\VC100.PDB
C:\dev\MojoGit\Mojo.2.0\Mojo\Mojo.Native\bin\Win32\Release\Mojo.Native.lib
C:\dev\MojoGit\Mojo.2.0\Mojo\Mojo.Native\obj\Win32\Release\cl.command.1.tlog
C:\dev\MojoGit\Mojo.2.0\Mojo\Mojo.Native\obj\Win32\Release\CL.read.1.tlog
C:\dev\MojoGit\Mojo.2.0\Mojo\Mojo.Native\obj\Win32\Release\CL.write.1.tlog
C:\dev\MojoGit\Mojo.2.0\Mojo\Mojo.Native\obj\Win32\Release\FileSystemTileCacheEntry.obj
C:\dev\MojoGit\Mojo.2.0\Mojo\Mojo.Native\obj\Win32\Release\FileSystemTileServer.obj
C:\dev\MojoGit\Mojo.2.0\Mojo\Mojo.Native\obj\Win32\Release\FileSystemUndoRedoItem.obj
C:\dev\MojoGit\Mojo.2.0\Mojo\Mojo.Native\obj\Win32\Release\lib.command.1.tlog
C:\dev\MojoGit\Mojo.2.0\Mojo\Mojo.Native\obj\Win32\Release\Lib-link.read.1.tlog
C:\dev\MojoGit\Mojo.2.0\Mojo\Mojo.Native\obj\Win32\Release\Lib-link.write.1.tlog
C:\dev\MojoGit\Mojo.2.0\Mojo\Mojo.Native\obj\Win32\Release\Mojo.Native.write.1.tlog
C:\dev\MojoGit\Mojo.2.0\Mojo\Mojo.Native\obj\Win32\Release\Segmenter.obj
C:\dev\MojoGit\Mojo.2.0\Mojo\Mojo.Native\obj\Win32\Release\SimpleSplitTools.obj
C:\dev\MojoGit\Mojo.2.0\Mojo\Mojo.Native\obj\Win32\Release\TileCacheEntry.obj
C:\dev\MojoGit\Mojo.2.0\Mojo\Mojo.Native\obj\Win32\Release\TiledDatasetView.obj
C:\dev\MojoGit\Mojo.2.0\Mojo\Mojo.Native\obj\Win32\Release\TiledVolumeDescription.obj
C:\dev\MojoGit\Mojo.2.0\Mojo\Mojo.Native\obj\Win32\Release\TileManager.obj
C:\dev\MojoGit\Mojo.2.0\Mojo\Mojo.Native\obj\Win32\Release\vc100.pdb
