C:\DEV\MOJO\MOJO.2.0\MOJO\MOJO.CORE\BIN\WIN32\RELEASE\MOJO.CORE.LIB
C:\DEV\MOJO\MOJO.2.0\MOJO\MOJO.CORE\OBJ\WIN32\RELEASE\CUDA.OBJ
C:\DEV\MOJO\MOJO.2.0\MOJO\MOJO.CORE\OBJ\WIN32\RELEASE\D3D11CUDATEXTUREMAP.OBJ
C:\DEV\MOJO\MOJO.2.0\MOJO\MOJO.CORE\OBJ\WIN32\RELEASE\DEVICEVECTORMAP.OBJ
C:\DEV\MOJO\MOJO.2.0\MOJO\MOJO.CORE\OBJ\WIN32\RELEASE\HOSTVECTORMAP.OBJ
C:\DEV\MOJO\MOJO.2.0\MOJO\MOJO.CORE\OBJ\WIN32\RELEASE\INDEX.OBJ
C:\DEV\MOJO\MOJO.2.0\MOJO\MOJO.CORE\OBJ\WIN32\RELEASE\PRIMITIVEMAP.OBJ
C:\DEV\MOJO\MOJO.2.0\MOJO\MOJO.CORE\OBJ\WIN32\RELEASE\PRINTF.OBJ
C:\DEV\MOJO\MOJO.2.0\MOJO\MOJO.CORE\OBJ\WIN32\RELEASE\SEGMENTERSTATE.OBJ
C:\DEV\MOJO\MOJO.2.0\MOJO\MOJO.CORE\OBJ\WIN32\RELEASE\THRUST.OBJ
C:\DEV\MOJO\MOJO.2.0\MOJO\MOJO.CORE\OBJ\WIN32\RELEASE\TOSTRING.OBJ
C:\DEV\MOJO\MOJO.2.0\MOJO\MOJO.CORE\OBJ\WIN32\RELEASE\VC100.PDB
C:\DEV\MOJO\MOJO.2.0\MOJO\MOJO.CORE\OBJ\WIN32\RELEASE\VOLUMEDESCRIPTION.OBJ
C:\dev\MojoGit\Mojo.2.0\Mojo\Mojo.Core\bin\Win32\Release\Mojo.Core.lib
C:\dev\MojoGit\Mojo.2.0\Mojo\Mojo.Core\obj\Win32\Release\cl.command.1.tlog
C:\dev\MojoGit\Mojo.2.0\Mojo\Mojo.Core\obj\Win32\Release\CL.read.1.tlog
C:\dev\MojoGit\Mojo.2.0\Mojo\Mojo.Core\obj\Win32\Release\CL.write.1.tlog
C:\dev\MojoGit\Mojo.2.0\Mojo\Mojo.Core\obj\Win32\Release\Cuda.obj
C:\dev\MojoGit\Mojo.2.0\Mojo\Mojo.Core\obj\Win32\Release\D3D11CudaTextureMap.obj
C:\dev\MojoGit\Mojo.2.0\Mojo\Mojo.Core\obj\Win32\Release\DeviceVectorMap.obj
C:\dev\MojoGit\Mojo.2.0\Mojo\Mojo.Core\obj\Win32\Release\HostVectorMap.obj
C:\dev\MojoGit\Mojo.2.0\Mojo\Mojo.Core\obj\Win32\Release\Index.obj
C:\dev\MojoGit\Mojo.2.0\Mojo\Mojo.Core\obj\Win32\Release\lib.command.1.tlog
C:\dev\MojoGit\Mojo.2.0\Mojo\Mojo.Core\obj\Win32\Release\Lib-link.read.1.tlog
C:\dev\MojoGit\Mojo.2.0\Mojo\Mojo.Core\obj\Win32\Release\Lib-link.write.1.tlog
C:\dev\MojoGit\Mojo.2.0\Mojo\Mojo.Core\obj\Win32\Release\PrimitiveMap.obj
C:\dev\MojoGit\Mojo.2.0\Mojo\Mojo.Core\obj\Win32\Release\Printf.obj
C:\dev\MojoGit\Mojo.2.0\Mojo\Mojo.Core\obj\Win32\Release\SegmenterState.obj
C:\dev\MojoGit\Mojo.2.0\Mojo\Mojo.Core\obj\Win32\Release\Thrust.obj
C:\dev\MojoGit\Mojo.2.0\Mojo\Mojo.Core\obj\Win32\Release\ToString.obj
C:\dev\MojoGit\Mojo.2.0\Mojo\Mojo.Core\obj\Win32\Release\vc100.pdb
C:\dev\MojoGit\Mojo.2.0\Mojo\Mojo.Core\obj\Win32\Release\VolumeDescription.obj
