Build started 12/27/2012 4:24:50 PM.
     1>Project "C:\dev\MojoGit\Mojo.2.0\Mojo\Mojo.Core\Mojo.Core.vcxproj" on node 2 (build target(s)).
     1>InitializeBuildStatus:
         Touching "obj\Win32\Release\Mojo.Core.unsuccessfulbuild".
       ClCompile:
         c:\Program Files (x86)\Microsoft Visual Studio 10.0\VC\bin\CL.exe /c /I..\Sdk\OpenCV\OpenCV2.4\build\include\ /I"..\Sdk\Thrust\thrust-v1.3.0\\" /I"..\Sdk\Cutil\NVIDIA GPU Computing SDK 4.2\C\common\inc\\" /I..\Sdk\Cuda\v4.2\include\ /I..\Sdk\Boost\boost_1_44\ /I"..\Sdk\DirectX\Microsoft DirectX SDK (June 2010)\Include\\" /I..\Sdk\Cuda\v4.2\include /Zi /nologo /W3 /WX- /O2 /Oi /Oy- /GL /D WIN32 /D NDEBUG /D _LIB /Gm- /EHa /MD /GS /fp:precise /Zc:wchar_t /Zc:forScope /Fo"obj\Win32\Release\\" /Fd"obj\Win32\Release\vc100.pdb" /Gd /TP /analyze- /errorReport:prompt SegmenterState.cpp
         SegmenterState.cpp
       Lib:
         c:\Program Files (x86)\Microsoft Visual Studio 10.0\VC\bin\Lib.exe /OUT:"C:\dev\MojoGit\Mojo.2.0\Mojo\Mojo.Core\bin\Win32\Release\Mojo.Core.lib" /NOLOGO /LTCG obj\Win32\Release\HostVectorMap.obj
         obj\Win32\Release\Cuda.obj
         obj\Win32\Release\D3D11CudaTextureMap.obj
         obj\Win32\Release\DeviceVectorMap.obj
         obj\Win32\Release\Index.obj
         obj\Win32\Release\PrimitiveMap.obj
         obj\Win32\Release\Printf.obj
         obj\Win32\Release\SegmenterState.obj
         obj\Win32\Release\Thrust.obj
         obj\Win32\Release\ToString.obj
         obj\Win32\Release\VolumeDescription.obj
         Mojo.Core.vcxproj -> C:\dev\MojoGit\Mojo.2.0\Mojo\Mojo.Core\bin\Win32\Release\Mojo.Core.lib
       FinalizeBuildStatus:
         Deleting file "obj\Win32\Release\Mojo.Core.unsuccessfulbuild".
         Touching "obj\Win32\Release\Mojo.Core.lastbuildstate".
     1>Done Building Project "C:\dev\MojoGit\Mojo.2.0\Mojo\Mojo.Core\Mojo.Core.vcxproj" (build target(s)).

Build succeeded.

Time Elapsed 00:00:09.61
